
Start-Date: 2021-04-05  10:01:54
Commandline: apt-get install build-essential
Requested-By: user (1000)
Install: libc6-dev:amd64 (2.27-3ubuntu1.4, automatic), g++:amd64 (4:7.4.0-1ubuntu2.3, automatic), build-essential:amd64 (12.4ubuntu1), libstdc++-7-dev:amd64 (7.5.0-3ubuntu1~18.04, automatic), g++-7:amd64 (7.5.0-3ubuntu1~18.04, automatic), libc-dev-bin:amd64 (2.27-3ubuntu1.4, automatic)
End-Date: 2021-04-05  10:02:06

Start-Date: 2021-04-05  12:29:23
Commandline: aptdaemon role='role-install-packages' sender=':1.77'
Install: xaw3dg:amd64 (1.5+E-18.3, automatic), 3dchess:amd64 (0.8.1-20)
End-Date: 2021-04-05  12:29:28

Start-Date: 2021-04-05  19:11:09
Commandline: aptdaemon role='role-install-packages' sender=':1.77'
Install: libpthread-stubs0-dev:amd64 (0.3-4, automatic), default-jdk:amd64 (2:1.11-68ubuntu1~18.04.1, automatic), libfelix-shell-java:amd64 (1.4.3-2, automatic), libobjenesis-java:amd64 (3.0.1-2~18.04, automatic), libregexp-java:amd64 (1.5-4, automatic), libosgi-core-java:amd64 (6.0.0-1, automatic), libice-dev:amd64 (2:1.0.9-2, automatic), libfelix-gogo-runtime-java:amd64 (0.16.2-1, automatic), libasm-java:amd64 (7.0-1~18.04, automatic), libkxml2-java:amd64 (2.3.0+ds1-2, automatic), junit:amd64 (3.8.2-9, automatic), libcommons-compress-java:amd64 (1.18-1~18.04, automatic), libicu4j-4.2-java:amd64 (4.2.1.1-6fakesync, automatic), libhamcrest-java:amd64 (1.3-7, automatic), libeasymock-java:amd64 (3.6-1, automatic), libfelix-gogo-command-java:amd64 (0.14.0-2, automatic), ant:amd64 (1.10.5-3~18.04, automatic), libasm3-java:amd64 (3.3.2-3, automatic), libcommons-dbcp-java:amd64 (1.4-5ubuntu2, automatic), libxt-dev:amd64 (1:1.1.5-1, automatic), libtomcat8-java:amd64 (8.5.39-1ubuntu1~18.04.3, automatic), libcommons-collections3-java:amd64 (3.2.2-2~18.04, automatic), libcglib-java:amd64 (3.2.6-2, automatic), libcommons-beanutils-java:amd64 (1.9.3-1, automatic), libcommons-logging-java:amd64 (1.2-2, automatic), libcommons-cli-java:amd64 (1.4-1, automatic), libswt-glx-gtk-3-jni:amd64 (3.8.2-5, automatic), libecj-java:amd64 (3.16.0-1~18.04, automatic), libsm-dev:amd64 (2:1.2.2-1, automatic), xtrans-dev:amd64 (1.3.5-1, automatic), libosgi-compendium-java:amd64 (6.0.0-1, automatic), sat4j:amd64 (2.3.5-0.2, automatic), libxcb1-dev:amd64 (1.13-2~ubuntu18.04, automatic), liblucene2-java:amd64 (2.9.4+ds1-6, automatic), eclipse:amd64 (3.8.1-11), libapache-pom-java:amd64 (18-1, automatic), libfelix-bundlerepository-java:amd64 (2.0.10-3, automatic), libjetty9-java:amd64 (9.4.15-1~18.04.1ubuntu1, automatic), libdb-je-java:amd64 (3.3.98-2, automatic), libwebkitgtk-1.0-0:amd64 (2.4.11-3ubuntu3, automatic), libswt-webkit-gtk-3-jni:amd64 (3.8.2-5, automatic), libfelix-utils-java:amd64 (1.8.6-1, automatic), libfelix-gogo-shell-java:amd64 (0.12.0-1, automatic), x11proto-core-dev:amd64 (2018.4-4, automatic), libicu4j-49-java:amd64 (49.1-3, automatic), libequinox-osgi-java:amd64 (3.9.1-4~18.04, automatic), eclipse-platform:amd64 (3.8.1-11, automatic), libjsch-java:amd64 (0.1.54-1, automatic), libxau-dev:amd64 (1:1.0.8-1ubuntu1, automatic), libcommons-parent-java:amd64 (43-1, automatic), libjline-java:amd64 (1.0-2, automatic), openjdk-11-jdk:amd64 (11.0.10+9-0ubuntu1~18.04, automatic), libxdmcp-dev:amd64 (1:1.1.2-3, automatic), libjtidy-java:amd64 (7+svn20110807-5, automatic), jarwrapper:amd64 (0.72.1~18.04.1, automatic), libfelix-osgi-obr-java:amd64 (1.0.2-4fakesync1, automatic), libcommons-codec-java:amd64 (1.11-1, automatic), binfmt-support:amd64 (2.1.8-2, automatic), libswt-cairo-gtk-3-jni:amd64 (3.8.2-5, automatic), libdb5.3-java-jni:amd64 (5.3.28-13.1ubuntu1.1, automatic), default-jdk-headless:amd64 (2:1.11-68ubuntu1~18.04.1, automatic), fastjar:amd64 (2:0.98-6build1, automatic), libx11-dev:amd64 (2:1.6.4-3ubuntu0.3, automatic), junit4:amd64 (4.12-8~18.04.1, automatic), libx11-doc:amd64 (2:1.6.4-3ubuntu0.3, automatic), libswt-gtk-3-java:amd64 (3.8.2-5, automatic), eclipse-platform-data:amd64 (3.8.1-11, automatic), libcommons-pool-java:amd64 (1.6-3, automatic), xorg-sgml-doctools:amd64 (1:1.11-1, automatic), libjzlib-java:amd64 (1.1.3-2, automatic), libdb-java:amd64 (1:5.3.21~exp1ubuntu2, automatic), eclipse-jdt:amd64 (3.8.1-11, automatic), libswt-gtk-3-jni:amd64 (3.8.2-5, automatic), libcommons-digester-java:amd64 (1.8.1-5, automatic), x11proto-dev:amd64 (2018.4-4, automatic), libcommons-httpclient-java:amd64 (3.1-15~18.04, automatic), libdb5.3-java:amd64 (5.3.28-13.1ubuntu1.1, automatic), libosgi-annotation-java:amd64 (6.0.0-2, automatic), openjdk-11-jdk-headless:amd64 (11.0.10+9-0ubuntu1~18.04, automatic), ant-optional:amd64 (1.10.5-3~18.04, automatic), eclipse-pde:amd64 (3.8.1-11, automatic), libjavascriptcoregtk-1.0-0:amd64 (2.4.11-3ubuntu3, automatic), eclipse-rcp:amd64 (3.8.1-11, automatic)
End-Date: 2021-04-05  19:12:51

Start-Date: 2021-04-10  19:36:23
Commandline: /usr/bin/apt install ./zoom_amd64.deb
Requested-By: user (1000)
Install: zoom:amd64 (5.6.13632.0328), ibus:amd64 (1.5.17-3ubuntu5.3, automatic), libxcb-xtest0:amd64 (1.13-2~ubuntu18.04, automatic)
End-Date: 2021-04-10  19:37:46

Start-Date: 2021-04-11  15:50:41
Commandline: /usr/bin/apt install turnin-ng
Requested-By: user (1000)
Install: turnin-ng:amd64 (1.3-1)
End-Date: 2021-04-11  15:50:52

Start-Date: 2021-04-12  14:14:09
Commandline: /usr/sbin/synaptic --hide-main-window --non-interactive --parent-window-id 113246216 -o Synaptic::closeZvt=true --set-selections-file /tmp/tmpi2h5l4wj
Requested-By: user (1000)
Install: pinta:amd64 (1.6-2)
End-Date: 2021-04-12  14:14:19

Start-Date: 2021-04-12  15:56:48
Commandline: apt-get install -y vim
Requested-By: user (1000)
Install: vim-runtime:amd64 (2:8.0.1453-1ubuntu1.4, automatic), vim:amd64 (2:8.0.1453-1ubuntu1.4)
End-Date: 2021-04-12  15:56:54
